<?xml version="1.0" encoding="UTF-8"?>
<testsuite name="InvoiceGeneratorTest" tests="1" skipped="0" failures="0" errors="0" timestamp="2022-09-27T20:14:01" hostname="DESKTOP-NIO995U" time="0.036">
  <properties/>
  <testcase name="givenDistanceAndTime_shouldReturnMinimumFare()" classname="InvoiceGeneratorTest" time="0.036"/>
  <system-out><![CDATA[]]></system-out>
  <system-err><![CDATA[]]></system-err>
</testsuite>
